
(unknown-option-value)
(unknown-option-value)

(no-else-raise)

(line-too-long)

(typevar-name-incorrect-variance)
(typevar-name-incorrect-variance)

(attribute-defined-outside-init)

(raise-missing-from)
(unreachable)
(too-many-public-methods)

(inconsistent-return-statements)
(too-many-positional-arguments)

(line-too-long)
(typevar-name-incorrect-variance)
(typevar-name-incorrect-variance)
(typevar-name-incorrect-variance)
(typevar-name-incorrect-variance)

(no-else-return)

(bad-indentation)
(bad-indentation)
(bad-indentation)
(bad-indentation)
(bad-indentation)
(line-too-long)
(line-too-long)
(line-too-long)
(line-too-long)
(line-too-long)
(unspecified-encoding)
(not-callable)
(wrong-import-order)
(wrong-import-order)
(wrong-import-order)

(line-too-long)
(line-too-long)
(line-too-long)
(line-too-long)
(wildcard-import)
(unnecessary-lambda)
(unnecessary-lambda)
(unnecessary-lambda)
(unnecessary-lambda)
(wrong-import-order)
(wrong-import-order)
(unused-wildcard-import)











(StandardModel.Meta):

(duplicate-code)

(StandardModel.Meta):
(duplicate-code)







(StandardModel.Meta):

(duplicate-code)




